\BOOKMARK [0][-]{chapter*.1}{Abstract}{}% 1
\BOOKMARK [0][-]{chapter.1}{Einleitung}{}% 2
\BOOKMARK [1][-]{section.1.1}{Aufbau dieser Arbeit}{chapter.1}% 3
\BOOKMARK [1][-]{section.1.2}{Problemstellung}{chapter.1}% 4
\BOOKMARK [0][-]{chapter.2}{Stand der Technik}{}% 5
\BOOKMARK [1][-]{section.2.1}{Blockchain}{chapter.2}% 6
\BOOKMARK [2][-]{subsection.2.1.1}{Funktionsweise \046 Konzepte}{section.2.1}% 7
\BOOKMARK [2][-]{subsection.2.1.2}{Ethereum}{section.2.1}% 8
\BOOKMARK [1][-]{section.2.2}{Machine Learning}{chapter.2}% 9
\BOOKMARK [2][-]{subsection.2.2.1}{\334berblick}{section.2.2}% 10
\BOOKMARK [2][-]{subsection.2.2.2}{Q-Learning}{section.2.2}% 11
\BOOKMARK [0][-]{chapter.3}{System Architektur}{}% 12
\BOOKMARK [1][-]{section.3.1}{\334berblick}{chapter.3}% 13
\BOOKMARK [2][-]{subsection.3.1.1}{Architektur}{section.3.1}% 14
\BOOKMARK [2][-]{subsection.3.1.2}{Workflow}{section.3.1}% 15
\BOOKMARK [2][-]{subsection.3.1.3}{Entwicklungsprozess}{section.3.1}% 16
\BOOKMARK [1][-]{section.3.2}{Blockchain}{chapter.3}% 17
\BOOKMARK [2][-]{subsection.3.2.1}{Genesis Block}{section.3.2}% 18
\BOOKMARK [2][-]{subsection.3.2.2}{CoffeeCoin}{section.3.2}% 19
\BOOKMARK [2][-]{subsection.3.2.3}{Beverage-List}{section.3.2}% 20
\BOOKMARK [1][-]{section.3.3}{Learner}{chapter.3}% 21
\BOOKMARK [2][-]{subsection.3.3.1}{Modellierung}{section.3.3}% 22
\BOOKMARK [2][-]{subsection.3.3.2}{Q-Learning}{section.3.3}% 23
\BOOKMARK [2][-]{subsection.3.3.3}{Lernprozess \046 Ablauf}{section.3.3}% 24
\BOOKMARK [1][-]{section.3.4}{Tablet-App}{chapter.3}% 25
\BOOKMARK [2][-]{subsection.3.4.1}{Interface}{section.3.4}% 26
\BOOKMARK [2][-]{subsection.3.4.2}{Internal Workflow}{section.3.4}% 27
\BOOKMARK [0][-]{chapter.4}{Studie}{}% 28
\BOOKMARK [1][-]{section.4.1}{Testphase}{chapter.4}% 29
\BOOKMARK [1][-]{section.4.2}{Evaluation}{chapter.4}% 30
\BOOKMARK [0][-]{chapter.5}{Zusammenfassung}{}% 31
\BOOKMARK [1][-]{section.5.1}{Weiterf\374hrende Forschungsfragen}{chapter.5}% 32
\BOOKMARK [1][-]{section.5.2}{Ausblick}{chapter.5}% 33
\BOOKMARK [0][-]{chapter*.24}{Literaturverzeichnis}{}% 34
\BOOKMARK [0][-]{chapter*.25}{Abbildungsverzeichnis}{}% 35
\BOOKMARK [0][-]{chapter*.26}{Tabellenverzeichnis}{}% 36
\BOOKMARK [0][-]{appendix.A}{Anhang A}{}% 37
\BOOKMARK [0][-]{appendix.B}{Anhang B}{}% 38
