\BOOKMARK [0][-]{chapter*.1}{Abstract}{}% 1
\BOOKMARK [0][-]{chapter.1}{Einleitung}{}% 2
\BOOKMARK [1][-]{section.1.1}{Aufbau\040dieser\040Arbeit}{chapter.1}% 3
\BOOKMARK [1][-]{section.1.2}{Problemstellung}{chapter.1}% 4
\BOOKMARK [0][-]{chapter.2}{Stand\040der\040Technik}{}% 5
\BOOKMARK [1][-]{section.2.1}{Blockchain}{chapter.2}% 6
\BOOKMARK [2][-]{subsection.2.1.1}{Funktionsweise\040&\040Konzepte}{section.2.1}% 7
\BOOKMARK [2][-]{subsection.2.1.2}{Ethereum}{section.2.1}% 8
\BOOKMARK [1][-]{section.2.2}{Machine\040Learning}{chapter.2}% 9
\BOOKMARK [2][-]{subsection.2.2.1}{Überblick}{section.2.2}% 10
\BOOKMARK [2][-]{subsection.2.2.2}{Q-Learning}{section.2.2}% 11
\BOOKMARK [0][-]{chapter.3}{System\040Architektur}{}% 12
\BOOKMARK [1][-]{section.3.1}{Überblick}{chapter.3}% 13
\BOOKMARK [2][-]{subsection.3.1.1}{Architektur}{section.3.1}% 14
\BOOKMARK [2][-]{subsection.3.1.2}{Workflow}{section.3.1}% 15
\BOOKMARK [1][-]{section.3.2}{Blockchain}{chapter.3}% 16
\BOOKMARK [2][-]{subsection.3.2.1}{Beveragelist}{section.3.2}% 17
\BOOKMARK [2][-]{subsection.3.2.2}{ERC-Token}{section.3.2}% 18
\BOOKMARK [1][-]{section.3.3}{Q-Learning}{chapter.3}% 19
\BOOKMARK [2][-]{subsection.3.3.1}{Warum\040Q-Learning?}{section.3.3}% 20
\BOOKMARK [2][-]{subsection.3.3.2}{Modellierung}{section.3.3}% 21
\BOOKMARK [2][-]{subsection.3.3.3}{Lernprozess\040&\040Ablauf}{section.3.3}% 22
\BOOKMARK [1][-]{section.3.4}{Mobile\040App}{chapter.3}% 23
\BOOKMARK [0][-]{chapter.4}{Studie}{}% 24
\BOOKMARK [1][-]{section.4.1}{Testphase}{chapter.4}% 25
\BOOKMARK [1][-]{section.4.2}{Evaluation}{chapter.4}% 26
\BOOKMARK [0][-]{chapter.5}{Zusammenfassung}{}% 27
\BOOKMARK [1][-]{section.5.1}{Weiterführende Forschungsfragen}{chapter.5}% 28
\BOOKMARK [1][-]{section.5.2}{Ausblick}{chapter.5}% 29
\BOOKMARK [0][-]{chapter*.3}{Literaturverzeichnis}{}% 30
\BOOKMARK [0][-]{chapter*.4}{Abbildungsverzeichnis}{}% 31
\BOOKMARK [0][-]{chapter*.5}{Tabellenverzeichnis}{}% 32
\BOOKMARK [0][-]{appendix.A}{Anhang\040A}{}% 33
\BOOKMARK [0][-]{appendix.B}{Anhang\040B}{}% 34
